Build started 24-Jan-18 12:10:10 PM.
     1>Project "D:\Projects\Visual C++\gkom-gl\gl_06\gl_06.vcxproj" on node 2 (Build target(s)).
     1>ClCompile:
         C:\Program Files (x86)\Microsoft Visual Studio 12.0\VC\bin\CL.exe /c /ZI /nologo /W3 /WX- /Od /Oy- /D WIN32 /D _DEBUG /D _CONSOLE /D _LIB /D _UNICODE /D UNICODE /Gm /EHsc /RTC1 /MDd /GS /fp:precise /Zc:wchar_t /Zc:forScope /Fo"Debug\\" /Fd"Debug\vc120.pdb" /Gd /TP /analyze- /errorReport:prompt gl_06.cpp
         gl_06.cpp
     1>d:\projects\visual c++\gkom-gl\gl_06\gl_06.cpp(186): warning C4244: 'argument' : conversion from 'float' to 'int', possible loss of data
     1>d:\projects\visual c++\gkom-gl\gl_06\gl_06.cpp(225): warning C4244: 'argument' : conversion from 'double' to 'float', possible loss of data
       Link:
         C:\Program Files (x86)\Microsoft Visual Studio 12.0\VC\bin\link.exe /ERRORREPORT:PROMPT /OUT:"D:\Projects\Visual C++\gkom-gl\Debug\gl_06.exe" /INCREMENTAL /NOLOGO opengl32.lib glfw3.lib glew32s.lib soil.lib kernel32.lib user32.lib gdi32.lib winspool.lib comdlg32.lib advapi32.lib shell32.lib ole32.lib oleaut32.lib uuid.lib odbc32.lib odbccp32.lib /NODEFAULTLIB:msvcrt.lib /NODEFAULTLIB:libcmt.lib /MANIFEST /MANIFESTUAC:"level='asInvoker' uiAccess='false'" /manifest:embed /DEBUG /PDB:"D:\Projects\Visual C++\gkom-gl\Debug\gl_06.pdb" /SUBSYSTEM:CONSOLE /TLBID:1 /DYNAMICBASE /NXCOMPAT /IMPLIB:"D:\Projects\Visual C++\gkom-gl\Debug\gl_06.lib" /MACHINE:X86 Debug\Animation.obj
         Debug\CubeModel.obj
         Debug\gl_06.obj
         Debug\HexagonalPrismModel.obj
         Debug\shprogram.obj
         Debug\SimpleTableModel.obj
         Debug\SpannerModel.obj
         Debug\TableModel.obj
         Debug\ThreadModel.obj
         soil.lib(SOIL.obj) : MSIL .netmodule or module compiled with /GL found; restarting link with /LTCG; add /LTCG to the link command line to improve linker performance
     1>LINK : warning LNK4075: ignoring '/INCREMENTAL' due to '/LTCG' specification
     1>Animation.obj : warning LNK4075: ignoring '/EDITANDCONTINUE' due to '/OPT:LBR' specification
         Generating code
         Finished generating code
     1>shprogram.obj : warning LNK4049: locally defined symbol ___glewAttachShader imported
     1>shprogram.obj : warning LNK4049: locally defined symbol ___glewCompileShader imported
     1>shprogram.obj : warning LNK4049: locally defined symbol ___glewCreateProgram imported
     1>shprogram.obj : warning LNK4049: locally defined symbol ___glewCreateShader imported
     1>shprogram.obj : warning LNK4049: locally defined symbol ___glewDeleteShader imported
     1>shprogram.obj : warning LNK4049: locally defined symbol ___glewGetProgramInfoLog imported
     1>shprogram.obj : warning LNK4049: locally defined symbol ___glewGetProgramiv imported
     1>shprogram.obj : warning LNK4049: locally defined symbol ___glewGetShaderInfoLog imported
     1>shprogram.obj : warning LNK4049: locally defined symbol ___glewGetShaderiv imported
     1>shprogram.obj : warning LNK4049: locally defined symbol ___glewLinkProgram imported
     1>shprogram.obj : warning LNK4049: locally defined symbol ___glewShaderSource imported
         gl_06.vcxproj -> D:\Projects\Visual C++\gkom-gl\Debug\gl_06.exe
     1>Done Building Project "D:\Projects\Visual C++\gkom-gl\gl_06\gl_06.vcxproj" (Build target(s)).

Build succeeded.

Time Elapsed 00:00:01.72
