d:\projects\visual c++\gkom-gl\gl_06\debug\vc120.pdb
d:\projects\visual c++\gkom-gl\gl_06\debug\vc120.idb
d:\projects\visual c++\gkom-gl\gl_06\debug\cubemodel.obj
d:\projects\visual c++\gkom-gl\gl_06\debug\gl_06.obj
d:\projects\visual c++\gkom-gl\gl_06\debug\shprogram.obj
d:\projects\visual c++\gkom-gl\gl_06\debug\hexagonalprismmodel.obj
d:\projects\visual c++\gkom-gl\gl_06\debug\threadmodel.obj
d:\projects\visual c++\gkom-gl\gl_06\debug\tablemodel.obj
d:\projects\visual c++\gkom-gl\gl_06\debug\spannermodel.obj
d:\projects\visual c++\gkom-gl\debug\gl_06.lib
d:\projects\visual c++\gkom-gl\debug\gl_06.exp
d:\projects\visual c++\gkom-gl\debug\gl_06.exe
d:\projects\visual c++\gkom-gl\debug\gl_06.pdb
d:\projects\visual c++\gkom-gl\gl_06\debug\gl_06.tlog\cl.command.1.tlog
d:\projects\visual c++\gkom-gl\gl_06\debug\gl_06.tlog\cl.read.1.tlog
d:\projects\visual c++\gkom-gl\gl_06\debug\gl_06.tlog\cl.write.1.tlog
d:\projects\visual c++\gkom-gl\gl_06\debug\gl_06.tlog\gl_06.write.1u.tlog
d:\projects\visual c++\gkom-gl\gl_06\debug\gl_06.tlog\link.command.1.tlog
d:\projects\visual c++\gkom-gl\gl_06\debug\gl_06.tlog\link.read.1.tlog
d:\projects\visual c++\gkom-gl\gl_06\debug\gl_06.tlog\link.write.1.tlog
